

Started GET "/rails/info/properties" for 127.0.0.1 at Sat Apr 16 17:04:52 -0700 2011
  Processing by Rails::InfoController#properties as HTML
  [1m[36mSQL (0.0ms)[0m  [1m SELECT name
 FROM sqlite_master
 WHERE type = 'table' AND NOT name = 'sqlite_sequence'
[0m
Rendered inline template (0.0ms)
Completed 200 OK in 47ms (Views: 0.0ms | ActiveRecord: 0.0ms)


Started GET "/rails/info/properties" for 127.0.0.1 at Sat Apr 16 17:05:33 -0700 2011
  Processing by Rails::InfoController#properties as HTML
  [1m[36mSQL (0.0ms)[0m  [1m SELECT name
 FROM sqlite_master
 WHERE type = 'table' AND NOT name = 'sqlite_sequence'
[0m
Rendered inline template (0.0ms)
Completed 200 OK in 47ms (Views: 0.0ms | ActiveRecord: 0.0ms)


Started GET "/" for 127.0.0.1 at Sat Apr 16 17:14:47 -0700 2011
  Processing by WelcomeController#index as HTML
Rendered welcome/index.html.erb within layouts/application (3.0ms)
Completed 200 OK in 19ms (Views: 19.0ms | ActiveRecord: 0.0ms)
